\BOOKMARK [1][-]{section*.1}{\376\377\000A\000b\000s\000t\000r\000a\000c\000t}{}% 1
\BOOKMARK [1][-]{section.1}{\376\377\0001\000\040\000I\000n\000t\000r\000o\000d\000u\000c\000t\000i\000o\000n}{}% 2
\BOOKMARK [1][-]{section.2}{\376\377\0002\000\040\000A\000u\000t\000o\000n\000o\000m\000o\000u\000s\000\040\000S\000y\000s\000t\000e\000m\000s\000\040\000D\000o\000m\000a\000i\000n\000s\000\040\000a\000n\000d\000\040\000T\000h\000e\000i\000r\000\040\000U\000n\000i\000q\000u\000e\000\040\000C\000h\000a\000l\000l\000e\000n\000g\000e\000s}{}% 3
\BOOKMARK [2][-]{subsection.2.1}{\376\377\0002\000.\0001\000\040\000A\000u\000t\000o\000n\000o\000m\000o\000u\000s\000\040\000D\000r\000i\000v\000i\000n\000g}{section.2}% 4
\BOOKMARK [2][-]{subsection.2.2}{\376\377\0002\000.\0002\000\040\000E\000m\000e\000r\000g\000e\000n\000c\000y\000\040\000R\000e\000s\000p\000o\000n\000d\000e\000r\000s}{section.2}% 5
\BOOKMARK [2][-]{subsection.2.3}{\376\377\0002\000.\0003\000\040\000I\000n\000t\000e\000r\000a\000c\000t\000i\000v\000e\000\040\000R\000o\000b\000o\000t\000\040\000S\000y\000s\000t\000e\000m\000s}{section.2}% 6
\BOOKMARK [2][-]{subsection.2.4}{\376\377\0002\000.\0004\000\040\000H\000e\000a\000l\000t\000h\000c\000a\000r\000e\000\040\000R\000o\000b\000o\000t\000i\000c\000s}{section.2}% 7
\BOOKMARK [2][-]{subsection.2.5}{\376\377\0002\000.\0005\000\040\000S\000w\000a\000r\000m\000\040\000R\000o\000b\000o\000t\000s}{section.2}% 8
\BOOKMARK [2][-]{subsection.2.6}{\376\377\0002\000.\0006\000\040\000U\000n\000m\000a\000n\000n\000e\000d\000\040\000A\000e\000r\000i\000a\000l\000\040\000V\000e\000h\000i\000c\000l\000e\000s}{section.2}% 9
\BOOKMARK [2][-]{subsection.2.7}{\376\377\0002\000.\0007\000\040\000P\000o\000l\000i\000c\000y\000\040\000D\000e\000v\000e\000l\000o\000p\000m\000e\000n\000t}{section.2}% 10
\BOOKMARK [1][-]{section.3}{\376\377\0003\000\040\000I\000n\000t\000e\000l\000l\000e\000c\000t\000u\000a\000l\000\040\000C\000h\000a\000l\000l\000e\000n\000g\000e\000s\000\040\000f\000o\000r\000\040\000R\000e\000s\000e\000a\000r\000c\000h\000\040\000C\000o\000m\000m\000u\000n\000i\000t\000y}{}% 11
\BOOKMARK [2][-]{subsection.3.1}{\376\377\0003\000.\0001\000\040\000T\000A\000S\000\040\000R\000e\000g\000u\000l\000a\000t\000i\000o\000n\000\040\000a\000n\000d\000\040\000G\000o\000v\000e\000r\000n\000a\000n\000c\000e}{section.3}% 12
\BOOKMARK [2][-]{subsection.3.2}{\376\377\0003\000.\0002\000\040\000T\000A\000S\000\040\000F\000u\000n\000c\000t\000i\000o\000n\000a\000l\000i\000t\000y\000\040\000\050\000S\000p\000e\000c\000i\000f\000i\000c\000a\000t\000i\000o\000n\000\051}{section.3}% 13
\BOOKMARK [2][-]{subsection.3.3}{\376\377\0003\000.\0003\000\040\000T\000A\000S\000\040\000H\000u\000b}{section.3}% 14
\BOOKMARK [2][-]{subsection.3.4}{\376\377\0003\000.\0004\000\040\000T\000A\000S\000\040\000R\000e\000s\000i\000l\000i\000e\000n\000c\000e}{section.3}% 15
\BOOKMARK [2][-]{subsection.3.5}{\376\377\0003\000.\0005\000\040\000T\000A\000S\000\040\000T\000r\000u\000s\000t}{section.3}% 16
\BOOKMARK [2][-]{subsection.3.6}{\376\377\0003\000.\0006\000\040\000T\000A\000S\000\040\000S\000e\000c\000u\000r\000i\000t\000y}{section.3}% 17
\BOOKMARK [2][-]{subsection.3.7}{\376\377\0003\000.\0007\000\040\000T\000A\000S\000\040\000V\000e\000r\000i\000f\000i\000a\000b\000i\000l\000i\000t\000y}{section.3}% 18
\BOOKMARK [2][-]{subsection.3.8}{\376\377\0003\000.\0008\000\040\000I\000n\000c\000o\000m\000p\000l\000e\000t\000e\000n\000e\000s\000s\000\040\000o\000f\000\040\000s\000p\000e\000c\000i\000f\000i\000c\000a\000t\000i\000o\000n\000s}{section.3}% 19
\BOOKMARK [2][-]{subsection.3.9}{\376\377\0003\000.\0009\000\040\000E\000v\000o\000l\000u\000t\000i\000o\000n\000\040\000o\000f\000\040\000s\000p\000e\000c\000i\000f\000i\000c\000a\000t\000i\000o\000n\000s}{section.3}% 20
\BOOKMARK [1][-]{section.4}{\376\377\0004\000\040\000C\000o\000n\000c\000l\000u\000s\000i\000o\000n}{}% 21
\BOOKMARK [1][-]{section*.6}{\376\377\000A\000c\000k\000n\000o\000w\000l\000e\000d\000g\000m\000e\000n\000t\000s}{}% 22
\BOOKMARK [1][-]{section*.8}{\376\377\000R\000e\000f\000e\000r\000e\000n\000c\000e\000s}{}% 23
